app/manifest-merger-release-report.txt
-- Merging decision tree log ---
manifest
ADDED from AndroidManifest.xml:2:1
	package
		ADDED from AndroidManifest.xml:3:5
		INJECTED from AndroidManifest.xml:0:0
		INJECTED from AndroidManifest.xml:0:0
	android:versionName
		INJECTED from AndroidManifest.xml:0:0
		INJECTED from AndroidManifest.xml:0:0
	xmlns:android
		ADDED from AndroidManifest.xml:2:11
	android:versionCode
		INJECTED from AndroidManifest.xml:0:0
		INJECTED from AndroidManifest.xml:0:0
uses-feature#android.hardware.type.watch
ADDED from AndroidManifest.xml:5:5
	android:name
		ADDED from AndroidManifest.xml:5:19
application
ADDED from AndroidManifest.xml:7:5
MERGED from com.google.android.support:wearable:1.0.0:5:5
MERGED from com.android.support:support-v4:20.0.0:17:5
MERGED from com.android.support:support-v13:20.0.0:17:5
MERGED from com.android.support:support-v4:20.0.0:17:5
MERGED from com.google.android.gms:play-services-wearable:6.1.71:16:5
MERGED from com.android.support:support-v4:20.0.0:17:5
	android:label
		ADDED from AndroidManifest.xml:10:9
	android:allowBackup
		ADDED from AndroidManifest.xml:8:9
	android:icon
		ADDED from AndroidManifest.xml:9:9
	android:theme
		ADDED from AndroidManifest.xml:11:9
meta-data#com.google.android.gms.version
ADDED from AndroidManifest.xml:12:9
	android:value
		ADDED from AndroidManifest.xml:14:13
	android:name
		ADDED from AndroidManifest.xml:13:13
activity#jp.gr.java_conf.ya.shiobeforandroid.WearActivity
ADDED from AndroidManifest.xml:16:9
	android:label
		ADDED from AndroidManifest.xml:18:13
	android:name
		ADDED from AndroidManifest.xml:17:13
intent-filter#android.intent.action.MAIN+android.intent.category.LAUNCHER
ADDED from AndroidManifest.xml:19:13
action#android.intent.action.MAIN
ADDED from AndroidManifest.xml:20:17
	android:name
		ADDED from AndroidManifest.xml:20:25
category#android.intent.category.LAUNCHER
ADDED from AndroidManifest.xml:22:17
	android:name
		ADDED from AndroidManifest.xml:22:27
intent-filter#android.intent.action.SEND+android.intent.category.DEFAULT+com.google.android.voicesearch.SELF_NOTE
ADDED from AndroidManifest.xml:24:13
action#android.intent.action.SEND
ADDED from AndroidManifest.xml:25:17
	android:name
		ADDED from AndroidManifest.xml:25:25
category#android.intent.category.DEFAULT
ADDED from AndroidManifest.xml:27:17
	android:name
		ADDED from AndroidManifest.xml:27:27
category#com.google.android.voicesearch.SELF_NOTE
ADDED from AndroidManifest.xml:28:17
	android:name
		ADDED from AndroidManifest.xml:28:27
data
ADDED from AndroidManifest.xml:31:17
	android:mimeType
		ADDED from AndroidManifest.xml:31:23
intent-filter#android.intent.category.DEFAULT+com.google.android.gm.action.AUTO_SEND
ADDED from AndroidManifest.xml:42:13
action#com.google.android.gm.action.AUTO_SEND
ADDED from AndroidManifest.xml:43:17
	android:name
		ADDED from AndroidManifest.xml:43:25
activity#jp.gr.java_conf.ya.shiobeforandroid.InputActivity
ADDED from AndroidManifest.xml:53:9
	android:label
		ADDED from AndroidManifest.xml:55:13
	android:name
		ADDED from AndroidManifest.xml:54:13
activity#jp.gr.java_conf.ya.shiobeforandroid.InputKanaActivity
ADDED from AndroidManifest.xml:62:9
	android:label
		ADDED from AndroidManifest.xml:64:13
	android:name
		ADDED from AndroidManifest.xml:63:13
activity#android.support.wearable.activity.ConfirmationActivity
ADDED from AndroidManifest.xml:71:9
	android:name
		ADDED from AndroidManifest.xml:72:13
uses-sdk
INJECTED from AndroidManifest.xml:0:0 reason: use-sdk injection requested
MERGED from com.google.android.support:wearable:1.0.0:3:5
MERGED from com.android.support:support-v4:20.0.0:16:5
MERGED from com.android.support:support-v13:20.0.0:16:5
MERGED from com.android.support:support-v4:20.0.0:16:5
MERGED from com.google.android.gms:play-services-wearable:6.1.71:15:5
MERGED from com.android.support:support-v4:20.0.0:16:5
	android:targetSdkVersion
		INJECTED from AndroidManifest.xml:0:0
		INJECTED from AndroidManifest.xml:0:0
	android:minSdkVersion
		INJECTED from AndroidManifest.xml:0:0
		INJECTED from AndroidManifest.xml:0:0